<?xml version="1.0" encoding="UTF-8"?>
<!-- Generated by org.testng.reporters.JUnitReportReporter -->
<testsuite hostname="LAPTOP-LPL8EGCE" failures="0" tests="1" name="noontestcases.Flipkart1" time="6.380" errors="0" timestamp="2024-08-18T22:39:34 IST" skipped="0">
  <testcase classname="noontestcases.Flipkart1" name="testflipkart" time="6.380"/>
</testsuite> <!-- noontestcases.Flipkart1 -->
