<?xml version="1.0" encoding="UTF-8"?>
<!-- Generated by org.testng.reporters.JUnitReportReporter -->
<testsuite hostname="LAPTOP-LPL8EGCE" failures="0" tests="1" name="noontestcases.Myntra" time="4.341" errors="0" timestamp="2024-08-16T16:44:17 IST" skipped="0">
  <testcase classname="noontestcases.Myntra" name="myntra" time="4.341"/>
</testsuite> <!-- noontestcases.Myntra -->
