<?xml version="1.0" encoding="UTF-8"?>
<!-- Generated by org.testng.reporters.JUnitReportReporter -->
<testsuite hostname="LAPTOP-LPL8EGCE" failures="0" tests="1" name="noontestcases.Practice" time="12.930" errors="0" timestamp="2024-08-21T13:13:58 IST" skipped="0">
  <testcase classname="noontestcases.Practice" name="test" time="12.930"/>
</testsuite> <!-- noontestcases.Practice -->
