<?xml version="1.0" encoding="UTF-8"?>
<!-- Generated by org.testng.reporters.JUnitReportReporter -->
<testsuite hostname="LAPTOP-LPL8EGCE" failures="0" tests="1" name="noontestcases.Flipkart" time="6.203" errors="0" timestamp="2024-08-18T18:30:38 IST" skipped="0">
  <testcase classname="noontestcases.Flipkart" name="flipkart" time="6.203"/>
</testsuite> <!-- noontestcases.Flipkart -->
