<?xml version="1.0" encoding="UTF-8"?>
<!-- Generated by org.testng.reporters.JUnitReportReporter -->
<testsuite hostname="LAPTOP-LPL8EGCE" failures="0" tests="1" name="noontestcases.Saucedemo_login" time="0.786" errors="0" timestamp="2024-08-28T11:24:25 IST" skipped="0">
  <testcase classname="noontestcases.Saucedemo_login" name="testvalidlogin" time="0.786"/>
</testsuite> <!-- noontestcases.Saucedemo_login -->
