<?xml version="1.0" encoding="UTF-8"?>
<!-- Generated by org.testng.reporters.JUnitReportReporter -->
<testsuite hostname="LAPTOP-LPL8EGCE" failures="0" tests="1" name="noontestcases.Validation_page" time="9.664" errors="0" timestamp="2024-08-23T10:53:30 IST" skipped="0">
  <testcase classname="noontestcases.Validation_page" name="testcase" time="9.664"/>
</testsuite> <!-- noontestcases.Validation_page -->
