<?xml version="1.0" encoding="UTF-8"?>
<!-- Generated by org.testng.reporters.JUnitReportReporter -->
<testsuite hostname="LAPTOP-LPL8EGCE" failures="0" tests="1" name="noontestcases.Worldpopulation" time="19.028" errors="0" timestamp="2024-08-19T12:32:11 IST" skipped="0">
  <testcase classname="noontestcases.Worldpopulation" name="wroldpopulatio" time="19.028"/>
</testsuite> <!-- noontestcases.Worldpopulation -->
